 (0,0): [01/14/2021 07:07:09.323 PM] Unity incremental compiler server
 (0,0): [01/14/2021 07:07:09.380 PM] watchdog active on pid: 30764
 (0,0): [01/14/2021 07:07:11.530 PM] Assembly-CSharp-firstpass.dll: no prior compilation found in cache. Caller PID: 30764
 (0,0): [01/14/2021 07:07:11.545 PM] Assembly-CSharp-firstpass.dll compiling...
 (0,0): [01/14/2021 07:07:13.128 PM] Assembly-CSharp-firstpass.dll: emitting IL to : D:\Projects\Unity\Zoo-2019\ZZS_Alpha_0.1\Temp\Assembly-CSharp-firstpass.dll
 (0,0): [01/14/2021 07:07:13.238 PM] Assembly-CSharp-firstpass.dll compilation finished in 1693ms  source files re-parsed: 84 metadata reloaded: 224
 (0,0): [01/14/2021 07:07:13.253 PM] Assembly-CSharp-firstpass.dll: session status updated to IncrementalCompilationStatus.Finished for Caller PID: 30764
 (0,0): [01/14/2021 07:07:13.360 PM] Assembly-CSharp.dll: no prior compilation found in cache. Caller PID: 30764
 (0,0): [01/14/2021 07:07:13.377 PM] Assembly-CSharp.dll compiling...
 (0,0): [01/14/2021 07:07:13.540 PM] Assembly-CSharp.dll: emitting IL to : D:\Projects\Unity\Zoo-2019\ZZS_Alpha_0.1\Temp\Assembly-CSharp.dll
 (0,0): [01/14/2021 07:07:13.566 PM] Assembly-CSharp.dll compilation finished in 189ms  source files re-parsed: 81 metadata reloaded: 1
 (0,0): [01/14/2021 07:07:13.580 PM] Assembly-CSharp.dll: session status updated to IncrementalCompilationStatus.Finished for Caller PID: 30764
 (0,0): [01/14/2021 07:12:39.608 PM] Compiler cache size is now 21.92 MB
 (0,0): [01/14/2021 08:14:16.895 PM] Assembly-CSharp.dll compiling...
 (0,0): [01/14/2021 08:14:16.964 PM] Assembly-CSharp.dll: emitting IL to : D:\Projects\Unity\Zoo-2019\ZZS_Alpha_0.1\Temp\Assembly-CSharp.dll
 (0,0): [01/14/2021 08:14:16.979 PM] Assembly-CSharp.dll compilation finished in 83ms  source files re-parsed: 1 metadata reloaded: 0
 (0,0): [01/14/2021 08:14:16.994 PM] Assembly-CSharp.dll: compilation was cached, 1 file(s) were found to have changed. Caller PID: 30764
 (0,0): [01/14/2021 08:14:17.010 PM] Assembly-CSharp.dll: session status updated to IncrementalCompilationStatus.Finished for Caller PID: 30764
 (0,0): [01/14/2021 08:15:08.779 PM] Assembly-CSharp.dll compiling...
 (0,0): [01/14/2021 08:15:08.840 PM] Assembly-CSharp.dll: emitting IL to : D:\Projects\Unity\Zoo-2019\ZZS_Alpha_0.1\Temp\Assembly-CSharp.dll
 (0,0): [01/14/2021 08:15:08.865 PM] Assembly-CSharp.dll compilation finished in 85ms  source files re-parsed: 1 metadata reloaded: 0
 (0,0): [01/14/2021 08:15:08.880 PM] Assembly-CSharp.dll: compilation was cached, 1 file(s) were found to have changed. Caller PID: 30764
 (0,0): [01/14/2021 08:15:08.895 PM] Assembly-CSharp.dll: session status updated to IncrementalCompilationStatus.Finished for Caller PID: 30764
 (0,0): [01/14/2021 08:15:13.866 PM] Assembly-CSharp.dll compiling...
 (0,0): [01/14/2021 08:15:14.000 PM] Assembly-CSharp.dll: emitting IL to : D:\Projects\Unity\Zoo-2019\ZZS_Alpha_0.1\Temp\Assembly-CSharp.dll
 (0,0): [01/14/2021 08:15:14.016 PM] Assembly-CSharp.dll compilation finished in 149ms  source files re-parsed: 1 metadata reloaded: 0
 (0,0): [01/14/2021 08:15:14.030 PM] Assembly-CSharp.dll: compilation was cached, 1 file(s) were found to have changed. Caller PID: 30764
 (0,0): [01/14/2021 08:15:14.046 PM] Assembly-CSharp.dll: session status updated to IncrementalCompilationStatus.Finished for Caller PID: 30764
 (0,0): [01/14/2021 08:15:21.170 PM] Assembly-CSharp.dll compiling...
 (0,0): [01/14/2021 08:15:21.247 PM] Assembly-CSharp.dll: emitting IL to : D:\Projects\Unity\Zoo-2019\ZZS_Alpha_0.1\Temp\Assembly-CSharp.dll
 (0,0): [01/14/2021 08:15:21.265 PM] Assembly-CSharp.dll compilation finished in 95ms  source files re-parsed: 1 metadata reloaded: 0
 (0,0): [01/14/2021 08:15:21.281 PM] Assembly-CSharp.dll: compilation was cached, 1 file(s) were found to have changed. Caller PID: 30764
 (0,0): [01/14/2021 08:15:21.297 PM] Assembly-CSharp.dll: session status updated to IncrementalCompilationStatus.Finished for Caller PID: 30764
 (0,0): [01/14/2021 08:15:24.540 PM] Assembly-CSharp.dll compiling...
 (0,0): [01/14/2021 08:15:24.635 PM] Assembly-CSharp.dll: emitting IL to : D:\Projects\Unity\Zoo-2019\ZZS_Alpha_0.1\Temp\Assembly-CSharp.dll
 (0,0): [01/14/2021 08:15:24.724 PM] Assembly-CSharp.dll compilation finished in 184ms  source files re-parsed: 1 metadata reloaded: 0
 (0,0): [01/14/2021 08:15:24.745 PM] Assembly-CSharp.dll: compilation was cached, 1 file(s) were found to have changed. Caller PID: 30764
 (0,0): [01/14/2021 08:15:24.777 PM] Assembly-CSharp.dll: session status updated to IncrementalCompilationStatus.Finished for Caller PID: 30764
 (0,0): [01/14/2021 08:15:25.099 PM] Assembly-CSharp-Editor.dll: no prior compilation found in cache. Caller PID: 30764
 (0,0): [01/14/2021 08:15:25.116 PM] Assembly-CSharp-Editor.dll compiling...
 (0,0): [01/14/2021 08:15:25.149 PM] Assembly-CSharp-Editor.dll: emitting IL to : D:\Projects\Unity\Zoo-2019\ZZS_Alpha_0.1\Temp\Assembly-CSharp-Editor.dll
 (0,0): [01/14/2021 08:15:25.191 PM] Assembly-CSharp-Editor.dll compilation finished in 75ms  source files re-parsed: 2 metadata reloaded: 16
 (0,0): [01/14/2021 08:15:25.208 PM] Assembly-CSharp-Editor.dll: session status updated to IncrementalCompilationStatus.Finished for Caller PID: 30764
 (0,0): [01/14/2021 08:17:45.766 PM] Compiler cache size is now 24.53 MB
 (0,0): [01/14/2021 08:46:31.119 PM] watchdog triggered an exit
